<?xml version="1.0" encoding="UTF-8"?>
<testsuite xmlns:xsi="http://www.w3.org/2001/XMLSchema-instance" xsi:noNamespaceSchemaLocation="https://maven.apache.org/surefire/maven-surefire-plugin/xsd/surefire-test-report-3.0.xsd" version="3.0" name="tests.DragAndDropTest" time="15.268" tests="1" errors="0" skipped="0" failures="1">
  <properties>
[...]
</properties>
  <testcase name="dragAtoBTest" classname="tests.DragAndDropTest" time="14.764">
    <failure message="Ожидалось, что колонка B будет содержать &apos;A&apos; после перетаскивания ==&gt; expected: &lt;A&gt; but was: &lt;B&gt;" type="org.opentest4j.AssertionFailedError"><![CDATA[org.opentest4j.AssertionFailedError: Ожидалось, что колонка B будет содержать 'A' после перетаскивания ==> expected: <A> but was: <B>
	at org.junit.jupiter.api.AssertionFailureBuilder.build(AssertionFailureBuilder.java:151)
	at org.junit.jupiter.api.AssertionFailureBuilder.buildAndThrow(AssertionFailureBuilder.java:132)
	at org.junit.jupiter.api.AssertEquals.failNotEqual(AssertEquals.java:197)
	at org.junit.jupiter.api.AssertEquals.assertEquals(AssertEquals.java:182)
	at org.junit.jupiter.api.Assertions.assertEquals(Assertions.java:1156)
	at tests.DragAndDropTest.dragAtoBTest(DragAndDropTest.java:25)
	at java.base/java.lang.reflect.Method.invoke(Method.java:569)
	at java.base/java.util.ArrayList.forEach(ArrayList.java:1511)
	at java.base/java.util.ArrayList.forEach(ArrayList.java:1511)
]]></failure>
    <system-out><![CDATA[09:42:42.560 [main] INFO  c.t.pages.config.MyListener -- Open url -https://the-internet.herokuapp.com
09:42:46.410 [main] INFO  tests.TestBase -- Start test -> Optional[public void tests.DragAndDropTest.dragAtoBTest()]
09:42:46.619 [main] INFO  c.t.pages.config.MyListener -- We have to click element -[[FirefoxDriver: firefox on windows (cf8fb063-852e-4fcb-846a-f216c287ee01)] -> link text: Drag and Drop]
09:42:50.036 [main] INFO  tests.TestBase -- Stop test
09:42:50.036 [main] INFO  tests.TestBase -- **************************************************************
]]></system-out>
  </testcase>
</testsuite>