-------------------------------------------------------------------------------
Test set: tests.DragAndDropTest
-------------------------------------------------------------------------------
Tests run: 1, Failures: 1, Errors: 0, Skipped: 0, Time elapsed: 15.27 s <<< FAILURE! -- in tests.DragAndDropTest
tests.DragAndDropTest.dragAtoBTest -- Time elapsed: 14.76 s <<< FAILURE!
org.opentest4j.AssertionFailedError: Ожидалось, что колонка B будет содержать 'A' после перетаскивания ==> expected: <A> but was: <B>
	at org.junit.jupiter.api.AssertionFailureBuilder.build(AssertionFailureBuilder.java:151)
	at org.junit.jupiter.api.AssertionFailureBuilder.buildAndThrow(AssertionFailureBuilder.java:132)
	at org.junit.jupiter.api.AssertEquals.failNotEqual(AssertEquals.java:197)
	at org.junit.jupiter.api.AssertEquals.assertEquals(AssertEquals.java:182)
	at org.junit.jupiter.api.Assertions.assertEquals(Assertions.java:1156)
	at tests.DragAndDropTest.dragAtoBTest(DragAndDropTest.java:25)
	at java.base/java.lang.reflect.Method.invoke(Method.java:569)
	at java.base/java.util.ArrayList.forEach(ArrayList.java:1511)
	at java.base/java.util.ArrayList.forEach(ArrayList.java:1511)

